ago. 27, 2025 3:51:34 PM liquibase.changelog
INFO: Reading resource: db/changelog/migration/db.changelog-202408191938.sql
ago. 27, 2025 3:51:34 PM liquibase.changelog
INFO: Reading resource: db/changelog/migration/db.changelog-202408210954.sql
ago. 27, 2025 3:51:34 PM liquibase.changelog
INFO: Reading resource: db/changelog/migration/db.changelog-202408211004.sql
ago. 27, 2025 3:51:34 PM liquibase.changelog
INFO: Reading resource: db/changelog/migration/db.changelog-202408211005.sql
ago. 27, 2025 3:51:34 PM liquibase.changelog
INFO: Reading from board.databasechangelog
Database is up to date, no changesets to execute
ago. 27, 2025 3:51:34 PM liquibase.changelog
INFO: Reading from board.databasechangelog

UPDATE SUMMARY
Run:                          0
Previously run:               4
Filtered out:                 0
-------------------------------
Total change sets:            4

ago. 27, 2025 3:51:34 PM liquibase.util
INFO: UPDATE SUMMARY
ago. 27, 2025 3:51:34 PM liquibase.util
INFO: Run:                          0
ago. 27, 2025 3:51:34 PM liquibase.util
INFO: Previously run:               4
ago. 27, 2025 3:51:34 PM liquibase.util
INFO: Filtered out:                 0
ago. 27, 2025 3:51:34 PM liquibase.util
INFO: -------------------------------
ago. 27, 2025 3:51:34 PM liquibase.util
INFO: Total change sets:            4
ago. 27, 2025 3:51:34 PM liquibase.util
INFO: Update summary generated
ago. 27, 2025 3:51:34 PM liquibase.lockservice
INFO: Successfully released change log lock
ago. 27, 2025 3:51:34 PM liquibase.command
INFO: Command execution complete
